E:\University\10sem\nirs\haar_3_4_6\preparing data>opencv_traincascade.exe -data haar_results_v5 -vec samples_22_24.vec -bg bad.dat -numStages 16 -numThreads 12 -w 22 -h 24 -numPos 1200 -numNeg 2955 -mode ALL
PARAMETERS:
cascadeDirName: haar_results_v5
vecFileName: samples_22_24.vec
bgFileName: bad.dat
numPos: 1200
numNeg: 2955
numStages: 16
precalcValBufSize[Mb] : 1024
precalcIdxBufSize[Mb] : 1024
acceptanceRatioBreakValue : -1
stageType: BOOST
featureType: HAAR
sampleWidth: 22
sampleHeight: 24
boostType: GAB
minHitRate: 0.995
maxFalseAlarmRate: 0.5
weightTrimRate: 0.95
maxDepth: 1
maxWeakCount: 100
mode: ALL
Number of unique features given windowSize [22,24] : 219180

===== TRAINING 0-stage =====
<BEGIN
POS count : consumed   1200 : 1200
NEG count : acceptanceRatio    2955 : 1
Precalculation time: 4.624
+----+---------+---------+
|  N |    HR   |    FA   |
+----+---------+---------+
|   1|        1|        1|
+----+---------+---------+
|   2|        1|        1|
+----+---------+---------+
|   3|        1|        1|
+----+---------+---------+
|   4|        1| 0.699831|
+----+---------+---------+
|   5|        1| 0.699831|
+----+---------+---------+
|   6| 0.999167| 0.349577|
+----+---------+---------+
END>
Training until now has taken 0 days 0 hours 4 minutes 37 seconds.

===== TRAINING 1-stage =====
<BEGIN
POS count : consumed   1200 : 1201
NEG count : acceptanceRatio    2955 : 0.362132
Precalculation time: 4.865
+----+---------+---------+
|  N |    HR   |    FA   |
+----+---------+---------+
|   1|        1|        1|
+----+---------+---------+
|   2|        1|        1|
+----+---------+---------+
|   3|        1|        1|
+----+---------+---------+
|   4| 0.998333| 0.569882|
+----+---------+---------+
|   5| 0.998333| 0.424365|
+----+---------+---------+
END>
Training until now has taken 0 days 0 hours 8 minutes 35 seconds.

===== TRAINING 2-stage =====
<BEGIN
POS count : consumed   1200 : 1203
NEG count : acceptanceRatio    2955 : 0.156366
Precalculation time: 4.918
+----+---------+---------+
|  N |    HR   |    FA   |
+----+---------+---------+
|   1|        1|        1|
+----+---------+---------+
|   2|        1|        1|
+----+---------+---------+
|   3|        1|  0.62132|
+----+---------+---------+
|   4|        1|  0.62132|
+----+---------+---------+
|   5|        1| 0.628426|
+----+---------+---------+
|   6| 0.998333| 0.332657|
+----+---------+---------+
END>
Training until now has taken 0 days 0 hours 13 minutes 2 seconds.

===== TRAINING 3-stage =====
<BEGIN
POS count : consumed   1200 : 1205
NEG count : acceptanceRatio    2955 : 0.0707209
Precalculation time: 4.736
+----+---------+---------+
|  N |    HR   |    FA   |
+----+---------+---------+
|   1|        1|        1|
+----+---------+---------+
|   2|        1|        1|
+----+---------+---------+
|   3|        1|        1|
+----+---------+---------+
|   4| 0.998333| 0.442301|
+----+---------+---------+
END>
Training until now has taken 0 days 0 hours 15 minutes 59 seconds.

===== TRAINING 4-stage =====
<BEGIN
POS count : consumed   1200 : 1207
NEG count : acceptanceRatio    2955 : 0.0454119
Precalculation time: 4.7
+----+---------+---------+
|  N |    HR   |    FA   |
+----+---------+---------+
|   1|        1|        1|
+----+---------+---------+
|   2|        1|        1|
+----+---------+---------+
|   3|        1|        1|
+----+---------+---------+
|   4|        1| 0.657191|
+----+---------+---------+
|   5| 0.996667| 0.380711|
+----+---------+---------+
END>
Training until now has taken 0 days 0 hours 19 minutes 35 seconds.

===== TRAINING 5-stage =====
<BEGIN
POS count : consumed   1200 : 1211
NEG count : acceptanceRatio    2955 : 0.0185725
Precalculation time: 4.708
+----+---------+---------+
|  N |    HR   |    FA   |
+----+---------+---------+
|   1|        1|        1|
+----+---------+---------+
|   2|        1|        1|
+----+---------+---------+
|   3|        1|        1|
+----+---------+---------+
|   4| 0.999167|  0.67242|
+----+---------+---------+
|   5| 0.999167|  0.67242|
+----+---------+---------+
|   6|   0.9975| 0.395601|
+----+---------+---------+
END>
Training until now has taken 0 days 0 hours 23 minutes 51 seconds.

===== TRAINING 6-stage =====
<BEGIN
POS count : consumed   1200 : 1215
NEG count : acceptanceRatio    2955 : 0.00768151
Precalculation time: 4.669
+----+---------+---------+
|  N |    HR   |    FA   |
+----+---------+---------+
|   1|        1|        1|
+----+---------+---------+
|   2|        1|        1|
+----+---------+---------+
|   3|        1|        1|
+----+---------+---------+
|   4|        1| 0.741455|
+----+---------+---------+
|   5|   0.9975| 0.420981|
+----+---------+---------+
END>
Training until now has taken 0 days 0 hours 27 minutes 38 seconds.

===== TRAINING 7-stage =====
<BEGIN
POS count : consumed   1200 : 1218
NEG count : acceptanceRatio    2955 : 0.00342548
Precalculation time: 4.764
+----+---------+---------+
|  N |    HR   |    FA   |
+----+---------+---------+
|   1|        1|        1|
+----+---------+---------+
|   2|        1|        1|
+----+---------+---------+
|   3|        1|        1|
+----+---------+---------+
|   4|        1| 0.685618|
+----+---------+---------+
|   5| 0.998333| 0.464298|
+----+---------+---------+
END>
Training until now has taken 0 days 0 hours 31 minutes 34 seconds.

===== TRAINING 8-stage =====
<BEGIN
POS count : consumed   1200 : 1220
NEG count : acceptanceRatio    2955 : 0.0019098
Precalculation time: 4.654
+----+---------+---------+
|  N |    HR   |    FA   |
+----+---------+---------+
|   1|        1|        1|
+----+---------+---------+
|   2|        1|        1|
+----+---------+---------+
|   3|   0.9975| 0.577327|
+----+---------+---------+
|   4| 0.995833| 0.426058|
+----+---------+---------+
END>
Training until now has taken 0 days 0 hours 34 minutes 29 seconds.

===== TRAINING 9-stage =====
<BEGIN
POS count : consumed   1200 : 1225
NEG count : acceptanceRatio    2955 : 0.00075057
Precalculation time: 4.61
+----+---------+---------+
|  N |    HR   |    FA   |
+----+---------+---------+
|   1|        1|        1|
+----+---------+---------+
|   2|        1|        1|
+----+---------+---------+
|   3| 0.999167|  0.67445|
+----+---------+---------+
|   4|   0.9975| 0.580711|
+----+---------+---------+
|   5| 0.996667| 0.479526|
+----+---------+---------+
END>
Training until now has taken 0 days 0 hours 38 minutes 25 seconds.

===== TRAINING 10-stage =====
<BEGIN
POS count : consumed   1200 : 1232
NEG count : acceptanceRatio    2955 : 0.000460178
Precalculation time: 4.626
+----+---------+---------+
|  N |    HR   |    FA   |
+----+---------+---------+
|   1|        1|        1|
+----+---------+---------+
|   2|        1|        1|
+----+---------+---------+
|   3|        1|        1|
+----+---------+---------+
|   4|        1|        1|
+----+---------+---------+
|   5| 0.999167| 0.693063|
+----+---------+---------+
|   6| 0.999167| 0.483926|
+----+---------+---------+
END>
Training until now has taken 0 days 0 hours 43 minutes 8 seconds.

===== TRAINING 11-stage =====
<BEGIN
POS count : consumed   1200 : 1233
NEG count : acceptanceRatio    2955 : 0.000203932
Precalculation time: 4.569
+----+---------+---------+
|  N |    HR   |    FA   |
+----+---------+---------+
|   1|        1|        1|
+----+---------+---------+
|   2|        1|        1|
+----+---------+---------+
|   3|   0.9975| 0.675465|
+----+---------+---------+
|   4|        1| 0.884602|
+----+---------+---------+
|   5|   0.9975| 0.596616|
+----+---------+---------+
|   6| 0.995833| 0.571574|
+----+---------+---------+
|   7| 0.996667| 0.520812|
+----+---------+---------+
|   8| 0.995833| 0.429442|
+----+---------+---------+
END>
Training until now has taken 0 days 0 hours 49 minutes 46 seconds.

===== TRAINING 12-stage =====
<BEGIN
POS count : consumed   1200 : 1238
NEG count : acceptanceRatio    2955 : 8.84059e-05
Precalculation time: 4.623
+----+---------+---------+
|  N |    HR   |    FA   |
+----+---------+---------+
|   1|        1|        1|
+----+---------+---------+
|   2|        1|        1|
+----+---------+---------+
|   3|        1|        1|
+----+---------+---------+
|   4|        1|  0.82335|
+----+---------+---------+
|   5| 0.999167| 0.639932|
+----+---------+---------+
|   6| 0.998333| 0.491371|
+----+---------+---------+
END>
Training until now has taken 0 days 0 hours 55 minutes 44 seconds.

===== TRAINING 13-stage =====
<BEGIN
POS count : consumed   1200 : 1240
NEG count : acceptanceRatio    2955 : 4.16005e-05
Precalculation time: 4.59
+----+---------+---------+
|  N |    HR   |    FA   |
+----+---------+---------+
|   1|        1|        1|
+----+---------+---------+
|   2|        1|        1|
+----+---------+---------+
|   3|        1|        1|
+----+---------+---------+
|   4|        1| 0.832487|
+----+---------+---------+
|   5| 0.998333| 0.642301|
+----+---------+---------+
|   6| 0.996667| 0.567513|
+----+---------+---------+
|   7| 0.995833|  0.41692|
+----+---------+---------+
END>
Training until now has taken 0 days 1 hours 4 minutes 31 seconds.

===== TRAINING 14-stage =====
<BEGIN
POS count : consumed   1200 : 1245
NEG count : acceptanceRatio    0 : 0
Required leaf false alarm rate achieved. Branch training terminated.