E:\University\10sem\nirs\haar_3_4_6\preparing data>opencv_traincascade.exe -data haar_results_v6 -vec samples_22_24_v6.vec -bg bad.dat -numStages 16 -numThreads 12 -w 22 -h 24 -numPos 1500 -numNeg 2955 -mode ALL
PARAMETERS:
cascadeDirName: haar_results_v6
vecFileName: samples_22_24_v6.vec
bgFileName: bad.dat
numPos: 1500
numNeg: 2955
numStages: 16
precalcValBufSize[Mb] : 1024
precalcIdxBufSize[Mb] : 1024
acceptanceRatioBreakValue : -1
stageType: BOOST
featureType: HAAR
sampleWidth: 22
sampleHeight: 24
boostType: GAB
minHitRate: 0.995
maxFalseAlarmRate: 0.5
weightTrimRate: 0.95
maxDepth: 1
maxWeakCount: 100
mode: ALL
Number of unique features given windowSize [22,24] : 219180

===== TRAINING 0-stage =====
<BEGIN
POS count : consumed   1500 : 1500
NEG count : acceptanceRatio    2955 : 1
Precalculation time: 4.756
+----+---------+---------+
|  N |    HR   |    FA   |
+----+---------+---------+
|   1|        1|        1|
+----+---------+---------+
|   2|        1|        1|
+----+---------+---------+
|   3|        1|        1|
+----+---------+---------+
|   4|    0.996| 0.585448|
+----+---------+---------+
|   5| 0.995333| 0.362775|
+----+---------+---------+
END>
Training until now has taken 0 days 0 hours 4 minutes 7 seconds.

===== TRAINING 1-stage =====
<BEGIN
POS count : consumed   1500 : 1507
NEG count : acceptanceRatio    2955 : 0.376577
Precalculation time: 5.256
+----+---------+---------+
|  N |    HR   |    FA   |
+----+---------+---------+
|   1|        1|        1|
+----+---------+---------+
|   2|        1|        1|
+----+---------+---------+
|   3|        1|        1|
+----+---------+---------+
|   4| 0.995333| 0.604061|
+----+---------+---------+
|   5| 0.998667| 0.619289|
+----+---------+---------+
|   6| 0.997333|  0.23181|
+----+---------+---------+
END>
Training until now has taken 0 days 0 hours 9 minutes 11 seconds.

===== TRAINING 2-stage =====
<BEGIN
POS count : consumed   1500 : 1511
NEG count : acceptanceRatio    2955 : 0.104079
Precalculation time: 4.891
+----+---------+---------+
|  N |    HR   |    FA   |
+----+---------+---------+
|   1|        1|        1|
+----+---------+---------+
|   2|        1|        1|
+----+---------+---------+
|   3|        1|        1|
+----+---------+---------+
|   4|        1|        1|
+----+---------+---------+
|   5| 0.998667| 0.597631|
+----+---------+---------+
|   6|        1| 0.617259|
+----+---------+---------+
|   7| 0.997333| 0.301184|
+----+---------+---------+
END>
Training until now has taken 0 days 0 hours 15 minutes 25 seconds.

===== TRAINING 3-stage =====
<BEGIN
POS count : consumed   1500 : 1516
NEG count : acceptanceRatio    2955 : 0.0351752
Precalculation time: 4.905
+----+---------+---------+
|  N |    HR   |    FA   |
+----+---------+---------+
|   1|        1|        1|
+----+---------+---------+
|   2|        1|        1|
+----+---------+---------+
|   3|        1|        1|
+----+---------+---------+
|   4| 0.998667| 0.506261|
+----+---------+---------+
|   5|        1| 0.745854|
+----+---------+---------+
|   6| 0.998667| 0.562775|
+----+---------+---------+
|   7|    0.996| 0.248731|
+----+---------+---------+
END>
Training until now has taken 0 days 0 hours 21 minutes 30 seconds.

===== TRAINING 4-stage =====
<BEGIN
POS count : consumed   1500 : 1534
NEG count : acceptanceRatio    2955 : 0.0130583
Precalculation time: 4.828
+----+---------+---------+
|  N |    HR   |    FA   |
+----+---------+---------+
|   1|        1|        1|
+----+---------+---------+
|   2|        1|        1|
+----+---------+---------+
|   3|    0.996|   0.6511|
+----+---------+---------+
|   4| 0.995333| 0.473773|
+----+---------+---------+
END>
Training until now has taken 0 days 0 hours 24 minutes 50 seconds.

===== TRAINING 5-stage =====
<BEGIN
POS count : consumed   1500 : 1550
NEG count : acceptanceRatio    2955 : 0.00603053
Precalculation time: 4.868
+----+---------+---------+
|  N |    HR   |    FA   |
+----+---------+---------+
|   1|        1|        1|
+----+---------+---------+
|   2|        1|        1|
+----+---------+---------+
|   3| 0.998667| 0.845008|
+----+---------+---------+
|   4| 0.997333| 0.754653|
+----+---------+---------+
|   5| 0.996667| 0.585448|
+----+---------+---------+
|   6| 0.995333| 0.532995|
+----+---------+---------+
|   7|    0.996| 0.455838|
+----+---------+---------+
END>
Training until now has taken 0 days 0 hours 30 minutes 36 seconds.

===== TRAINING 6-stage =====
<BEGIN
POS count : consumed   1500 : 1561
NEG count : acceptanceRatio    2955 : 0.00297591
Precalculation time: 4.833
+----+---------+---------+
|  N |    HR   |    FA   |
+----+---------+---------+
|   1|        1|        1|
+----+---------+---------+
|   2|        1|        1|
+----+---------+---------+
|   3|        1|        1|
+----+---------+---------+
|   4|        1| 0.881895|
+----+---------+---------+
|   5| 0.999333| 0.811844|
+----+---------+---------+
|   6| 0.995333| 0.638579|
+----+---------+---------+
|   7| 0.996667| 0.361421|
+----+---------+---------+
END>
Training until now has taken 0 days 0 hours 36 minutes 52 seconds.

===== TRAINING 7-stage =====
<BEGIN
POS count : consumed   1500 : 1570
NEG count : acceptanceRatio    2955 : 0.00128479
Precalculation time: 4.837
+----+---------+---------+
|  N |    HR   |    FA   |
+----+---------+---------+
|   1|        1|        1|
+----+---------+---------+
|   2|        1|        1|
+----+---------+---------+
|   3| 0.999333| 0.700846|
+----+---------+---------+
|   4| 0.998667| 0.479865|
+----+---------+---------+
END>
Training until now has taken 0 days 0 hours 40 minutes 21 seconds.

===== TRAINING 8-stage =====
<BEGIN
POS count : consumed   1500 : 1572
NEG count : acceptanceRatio    2955 : 0.000620405
Precalculation time: 5.035
+----+---------+---------+
|  N |    HR   |    FA   |
+----+---------+---------+
|   1|        1|        1|
+----+---------+---------+
|   2|        1|        1|
+----+---------+---------+
|   3| 0.998667|  0.69577|
+----+---------+---------+
|   4| 0.995333| 0.504907|
+----+---------+---------+
|   5|    0.996| 0.567513|
+----+---------+---------+
|   6| 0.998667| 0.535702|
+----+---------+---------+
|   7| 0.998667| 0.547547|
+----+---------+---------+
|   8|    0.996| 0.343824|
+----+---------+---------+
END>
Training until now has taken 0 days 0 hours 47 minutes 12 seconds.

===== TRAINING 9-stage =====
<BEGIN
POS count : consumed   1500 : 1579
NEG count : acceptanceRatio    2955 : 0.000290944
Precalculation time: 4.816
+----+---------+---------+
|  N |    HR   |    FA   |
+----+---------+---------+
|   1|        1|        1|
+----+---------+---------+
|   2|        1|        1|
+----+---------+---------+
|   3|        1|        1|
+----+---------+---------+
|   4|        1|        1|
+----+---------+---------+
|   5|        1|        1|
+----+---------+---------+
|   6|    0.996| 0.614213|
+----+---------+---------+
|   7|    0.996| 0.588156|
+----+---------+---------+
|   8| 0.995333| 0.460575|
+----+---------+---------+
END>
Training until now has taken 0 days 0 hours 54 minutes 18 seconds.

===== TRAINING 10-stage =====
<BEGIN
POS count : consumed   1500 : 1586
NEG count : acceptanceRatio    2955 : 0.000139659
Precalculation time: 4.945
+----+---------+---------+
|  N |    HR   |    FA   |
+----+---------+---------+
|   1|        1|        1|
+----+---------+---------+
|   2|        1|        1|
+----+---------+---------+
|   3|    0.996| 0.723181|
+----+---------+---------+
|   4|    0.996| 0.584095|
+----+---------+---------+
|   5|    0.998| 0.665651|
+----+---------+---------+
|   6| 0.997333| 0.466328|
+----+---------+---------+
END>
Training until now has taken 0 days 1 hours 0 minutes 26 seconds.

===== TRAINING 11-stage =====
<BEGIN
POS count : consumed   1500 : 1590
NEG count : acceptanceRatio    2955 : 6.74687e-05
Precalculation time: 4.996
+----+---------+---------+
|  N |    HR   |    FA   |
+----+---------+---------+
|   1|        1|        1|
+----+---------+---------+
|   2|        1|        1|
+----+---------+---------+
|   3|        1|        1|
+----+---------+---------+
|   4| 0.996667| 0.736379|
+----+---------+---------+
|   5| 0.998667| 0.586464|
+----+---------+---------+
|   6| 0.996667| 0.594924|
+----+---------+---------+
|   7| 0.998667| 0.558037|
+----+---------+---------+
|   8| 0.996667| 0.535025|
+----+---------+---------+
|   9| 0.996667| 0.419966|
+----+---------+---------+
END>
Training until now has taken 0 days 1 hours 10 minutes 13 seconds.

===== TRAINING 12-stage =====
<BEGIN
POS count : consumed   1500 : 1595
NEG count : acceptanceRatio    2955 : 2.89746e-05
Precalculation time: 4.876
+----+---------+---------+
|  N |    HR   |    FA   |
+----+---------+---------+
|   1|        1|        1|
+----+---------+---------+
|   2|        1|        1|
+----+---------+---------+
|   3|        1|        1|
+----+---------+---------+
|   4|        1|        1|
+----+---------+---------+
|   5| 0.999333| 0.836887|
+----+---------+---------+
|   6| 0.999333| 0.843316|
+----+---------+---------+
|   7| 0.998667| 0.649746|
+----+---------+---------+
|   8| 0.996667| 0.581726|
+----+---------+---------+
|   9| 0.996667| 0.461591|
+----+---------+---------+
END>
Training until now has taken 0 days 1 hours 23 minutes 3 seconds.

===== TRAINING 13-stage =====
<BEGIN
POS count : consumed   1500 : 1600
NEG count : acceptanceRatio    0 : 0
Required leaf false alarm rate achieved. Branch training terminated.