E:\University\10sem\nirs\haar_3_4_6\preparing data>opencv_traincascade.exe -data haar_results_v2 -vec samples.vec -bg bad.dat -numStages 16 -numThreads 12 -w 42 -h 48 -numPos 200 -numNeg 600 -mode ALL
PARAMETERS:
cascadeDirName: haar_results_v2
vecFileName: samples.vec
bgFileName: bad.dat
numPos: 200
numNeg: 600
numStages: 16
precalcValBufSize[Mb] : 1024
precalcIdxBufSize[Mb] : 1024
acceptanceRatioBreakValue : -1
stageType: BOOST
featureType: HAAR
sampleWidth: 42
sampleHeight: 48
boostType: GAB
minHitRate: 0.995
maxFalseAlarmRate: 0.5
weightTrimRate: 0.95
maxDepth: 1
maxWeakCount: 100
mode: ALL
Number of unique features given windowSize [42,48] : 3239144

===== TRAINING 0-stage =====
<BEGIN
POS count : consumed   200 : 200
NEG count : acceptanceRatio    600 : 1
Precalculation time: 4.088
+----+---------+---------+
|  N |    HR   |    FA   |
+----+---------+---------+
|   1|        1|        1|
+----+---------+---------+
|   2|        1| 0.156667|
+----+---------+---------+
END>
Training until now has taken 0 days 0 hours 5 minutes 5 seconds.

===== TRAINING 1-stage =====
<BEGIN
POS count : consumed   200 : 200
NEG count : acceptanceRatio    600 : 0.197628
Precalculation time: 4.114
+----+---------+---------+
|  N |    HR   |    FA   |
+----+---------+---------+
|   1|        1|        1|
+----+---------+---------+
|   2|        1|    0.345|
+----+---------+---------+
END>
Training until now has taken 0 days 0 hours 10 minutes 10 seconds.

===== TRAINING 2-stage =====
<BEGIN
POS count : consumed   200 : 200
NEG count : acceptanceRatio    600 : 0.0926212
Precalculation time: 4.116
+----+---------+---------+
|  N |    HR   |    FA   |
+----+---------+---------+
|   1|        1|        1|
+----+---------+---------+
|   2|        1|        1|
+----+---------+---------+
|   3|        1| 0.218333|
+----+---------+---------+
END>
Training until now has taken 0 days 0 hours 17 minutes 44 seconds.

===== TRAINING 3-stage =====
<BEGIN
POS count : consumed   200 : 200
NEG count : acceptanceRatio    600 : 0.0330033
Precalculation time: 4.103
+----+---------+---------+
|  N |    HR   |    FA   |
+----+---------+---------+
|   1|        1|        1|
+----+---------+---------+
|   2|        1|        1|
+----+---------+---------+
|   3|        1|    0.355|
+----+---------+---------+
END>
Training until now has taken 0 days 0 hours 25 minutes 15 seconds.

===== TRAINING 4-stage =====
<BEGIN
POS count : consumed   200 : 200
NEG count : acceptanceRatio    600 : 0.0154931
Precalculation time: 4.105
+----+---------+---------+
|  N |    HR   |    FA   |
+----+---------+---------+
|   1|        1|        1|
+----+---------+---------+
|   2|        1| 0.311667|
+----+---------+---------+
END>
Training until now has taken 0 days 0 hours 30 minutes 25 seconds.

===== TRAINING 5-stage =====
<BEGIN
POS count : consumed   200 : 200
NEG count : acceptanceRatio    600 : 0.00659768
Precalculation time: 4.275
+----+---------+---------+
|  N |    HR   |    FA   |
+----+---------+---------+
|   1|        1|        1|
+----+---------+---------+
|   2|        1|     0.46|
+----+---------+---------+
END>
Training until now has taken 0 days 0 hours 35 minutes 35 seconds.

===== TRAINING 6-stage =====
<BEGIN
POS count : consumed   200 : 200
NEG count : acceptanceRatio    600 : 0.00429142
Precalculation time: 4.214
+----+---------+---------+
|  N |    HR   |    FA   |
+----+---------+---------+
|   1|        1|        1|
+----+---------+---------+
|   2|        1| 0.388333|
+----+---------+---------+
END>
Training until now has taken 0 days 0 hours 54 minutes 48 seconds.

===== TRAINING 7-stage =====
<BEGIN
POS count : consumed   200 : 200
NEG count : acceptanceRatio    600 : 0.00109362
Precalculation time: 4.193
+----+---------+---------+
|  N |    HR   |    FA   |
+----+---------+---------+
|   1|        1|        1|
+----+---------+---------+
|   2|        1| 0.413333|
+----+---------+---------+
END>
Training until now has taken 0 days 1 hours 0 minutes 6 seconds.

===== TRAINING 8-stage =====
<BEGIN
POS count : consumed   200 : 200
NEG count : acceptanceRatio    600 : 0.000505519
Precalculation time: 4.157
+----+---------+---------+
|  N |    HR   |    FA   |
+----+---------+---------+
|   1|        1|        1|
+----+---------+---------+
|   2|        1|     0.48|
+----+---------+---------+
END>
Training until now has taken 0 days 1 hours 5 minutes 34 seconds.

===== TRAINING 9-stage =====
<BEGIN
POS count : consumed   200 : 200
NEG count : acceptanceRatio    600 : 0.000327347
Precalculation time: 4.17
+----+---------+---------+
|  N |    HR   |    FA   |
+----+---------+---------+
|   1|        1|        1|
+----+---------+---------+
|   2|        1| 0.428333|
+----+---------+---------+
END>
Training until now has taken 0 days 1 hours 11 minutes 0 seconds.

===== TRAINING 10-stage =====
<BEGIN
POS count : consumed   200 : 200
NEG count : acceptanceRatio    600 : 0.000147565
Precalculation time: 4.089
+----+---------+---------+
|  N |    HR   |    FA   |
+----+---------+---------+
|   1|        1|        1|
+----+---------+---------+
|   2|        1|        1|
+----+---------+---------+
|   3|        1| 0.553333|
+----+---------+---------+
|   4|        1| 0.271667|
+----+---------+---------+
END>
Training until now has taken 0 days 1 hours 21 minutes 47 seconds.

===== TRAINING 11-stage =====
<BEGIN
POS count : consumed   200 : 200
NEG count : acceptanceRatio    600 : 5.1738e-05
Precalculation time: 4.08
+----+---------+---------+
|  N |    HR   |    FA   |
+----+---------+---------+
|   1|        1|        1|
+----+---------+---------+
|   2|        1|        1|
+----+---------+---------+
|   3|        1|        1|
+----+---------+---------+
|   4|        1|    0.705|
+----+---------+---------+
|   5|        1| 0.286667|
+----+---------+---------+
END>
Training until now has taken 0 days 1 hours 35 minutes 44 seconds.

===== TRAINING 12-stage =====
<BEGIN
POS count : consumed   200 : 200
NEG count : acceptanceRatio    600 : 1.68962e-05
Precalculation time: 4.092
+----+---------+---------+
|  N |    HR   |    FA   |
+----+---------+---------+
|   1|        1|        1|
+----+---------+---------+
|   2|        1|        1|
+----+---------+---------+
|   3|        1| 0.641667|
+----+---------+---------+
|   4|        1| 0.386667|
+----+---------+---------+
END>
Training until now has taken 0 days 1 hours 50 minutes 52 seconds.

===== TRAINING 13-stage =====
<BEGIN
POS count : consumed   200 : 200
NEG count : acceptanceRatio    0 : 0
Required leaf false alarm rate achieved. Branch training terminated.