E:\University\10sem\nirs\haar_3_4_6\preparing data>opencv_traincascade.exe -data haar_results_v3 -vec samples_33_36.vec -bg bad.dat -numStages 16 -numThreads 12 -w 33 -h 36 -numPos 200 -numNeg 600 -mode ALL
---------------------------------------------------------------------------------
Training parameters are pre-loaded from the parameter file in data folder!
Please empty this folder if you want to use a NEW set of training parameters.
---------------------------------------------------------------------------------
PARAMETERS:
cascadeDirName: haar_results_v3
vecFileName: samples_33_36.vec
bgFileName: bad.dat
numPos: 200
numNeg: 600
numStages: 16
precalcValBufSize[Mb] : 1024
precalcIdxBufSize[Mb] : 1024
acceptanceRatioBreakValue : -1
stageType: BOOST
featureType: HAAR
sampleWidth: 33
sampleHeight: 36
boostType: GAB
minHitRate: 0.995
maxFalseAlarmRate: 0.5
weightTrimRate: 0.95
maxDepth: 1
maxWeakCount: 100
mode: ALL
Number of unique features given windowSize [33,36] : 1121307

===== TRAINING 0-stage =====
<BEGIN
POS count : consumed   200 : 200
NEG count : acceptanceRatio    600 : 1
Precalculation time: 3.321
+----+---------+---------+
|  N |    HR   |    FA   |
+----+---------+---------+
|   1|        1|        1|
+----+---------+---------+
|   2|        1|        1|
+----+---------+---------+
|   3|        1|     0.24|
+----+---------+---------+
END>
Training until now has taken 0 days 1 hours 3 minutes 8 seconds.

===== TRAINING 1-stage =====
<BEGIN
POS count : consumed   200 : 200
NEG count : acceptanceRatio    600 : 0.28342
Precalculation time: 3.325
+----+---------+---------+
|  N |    HR   |    FA   |
+----+---------+---------+
|   1|        1|        1|
+----+---------+---------+
|   2|        1|    0.285|
+----+---------+---------+
END>
Training until now has taken 0 days 1 hours 4 minutes 8 seconds.

===== TRAINING 2-stage =====
<BEGIN
POS count : consumed   200 : 200
NEG count : acceptanceRatio    600 : 0.084317
Precalculation time: 3.396
+----+---------+---------+
|  N |    HR   |    FA   |
+----+---------+---------+
|   1|        1|        1|
+----+---------+---------+
|   2|        1|        1|
+----+---------+---------+
|   3|        1| 0.328333|
+----+---------+---------+
END>
Training until now has taken 0 days 1 hours 5 minutes 36 seconds.

===== TRAINING 3-stage =====
<BEGIN
POS count : consumed   200 : 200
NEG count : acceptanceRatio    600 : 0.0226125
Precalculation time: 3.321
+----+---------+---------+
|  N |    HR   |    FA   |
+----+---------+---------+
|   1|        1|        1|
+----+---------+---------+
|   2|        1|        1|
+----+---------+---------+
|   3|        1| 0.473333|
+----+---------+---------+
END>
Training until now has taken 0 days 1 hours 7 minutes 3 seconds.

===== TRAINING 4-stage =====
<BEGIN
POS count : consumed   200 : 200
NEG count : acceptanceRatio    600 : 0.0151347
Precalculation time: 3.338
+----+---------+---------+
|  N |    HR   |    FA   |
+----+---------+---------+
|   1|        1|        1|
+----+---------+---------+
|   2|        1|        1|
+----+---------+---------+
|   3|        1| 0.373333|
+----+---------+---------+
END>
Training until now has taken 0 days 1 hours 8 minutes 31 seconds.

===== TRAINING 5-stage =====
<BEGIN
POS count : consumed   200 : 200
NEG count : acceptanceRatio    600 : 0.0067544
Precalculation time: 3.295
+----+---------+---------+
|  N |    HR   |    FA   |
+----+---------+---------+
|   1|        1|        1|
+----+---------+---------+
|   2|        1|        1|
+----+---------+---------+
|   3|        1| 0.386667|
+----+---------+---------+
END>
Training until now has taken 0 days 1 hours 9 minutes 59 seconds.

===== TRAINING 6-stage =====
<BEGIN
POS count : consumed   200 : 200
NEG count : acceptanceRatio    600 : 0.00312598
Precalculation time: 3.311
+----+---------+---------+
|  N |    HR   |    FA   |
+----+---------+---------+
|   1|        1|        1|
+----+---------+---------+
|   2|        1|        1|
+----+---------+---------+
|   3|        1| 0.541667|
+----+---------+---------+
|   4|        1| 0.468333|
+----+---------+---------+
END>
Training until now has taken 0 days 1 hours 11 minutes 55 seconds.

===== TRAINING 7-stage =====
<BEGIN
POS count : consumed   200 : 200
NEG count : acceptanceRatio    600 : 0.00174664
Precalculation time: 3.326
+----+---------+---------+
|  N |    HR   |    FA   |
+----+---------+---------+
|   1|        1|        1|
+----+---------+---------+
|   2|        1|        1|
+----+---------+---------+
|   3|        1|        1|
+----+---------+---------+
|   4|        1| 0.681667|
+----+---------+---------+
|   5|        1| 0.338333|
+----+---------+---------+
END>
Training until now has taken 0 days 1 hours 14 minutes 21 seconds.

===== TRAINING 8-stage =====
<BEGIN
POS count : consumed   200 : 200
NEG count : acceptanceRatio    600 : 0.000531438
Precalculation time: 3.306
+----+---------+---------+
|  N |    HR   |    FA   |
+----+---------+---------+
|   1|        1|        1|
+----+---------+---------+
|   2|        1|        1|
+----+---------+---------+
|   3|        1| 0.176667|
+----+---------+---------+
END>
Training until now has taken 0 days 1 hours 16 minutes 0 seconds.

===== TRAINING 9-stage =====
<BEGIN
POS count : consumed   200 : 200
NEG count : acceptanceRatio    600 : 0.000122505
Precalculation time: 3.281
+----+---------+---------+
|  N |    HR   |    FA   |
+----+---------+---------+
|   1|        1|        1|
+----+---------+---------+
|   2|        1| 0.481667|
+----+---------+---------+
END>
Training until now has taken 0 days 1 hours 17 minutes 27 seconds.

===== TRAINING 10-stage =====
<BEGIN
POS count : consumed   200 : 200
NEG count : acceptanceRatio    600 : 6.49441e-05
Precalculation time: 3.26
+----+---------+---------+
|  N |    HR   |    FA   |
+----+---------+---------+
|   1|        1|        1|
+----+---------+---------+
|   2|        1|        1|
+----+---------+---------+
|   3|        1| 0.498333|
+----+---------+---------+
END>
Training until now has taken 0 days 1 hours 19 minutes 47 seconds.

===== TRAINING 11-stage =====
<BEGIN
POS count : consumed   200 : 200
NEG count : acceptanceRatio    600 : 3.56402e-05
Precalculation time: 3.252
+----+---------+---------+
|  N |    HR   |    FA   |
+----+---------+---------+
|   1|        1|        1|
+----+---------+---------+
|   2|        1| 0.496667|
+----+---------+---------+
END>
Training until now has taken 0 days 1 hours 22 minutes 21 seconds.

===== TRAINING 12-stage =====
<BEGIN
POS count : consumed   200 : 200
NEG count : acceptanceRatio    0 : 0
Required leaf false alarm rate achieved. Branch training terminated.