E:\University\10sem\nirs\haar_3_4_6\preparing data>opencv_traincascade.exe -data haar_results_v7 -vec samples_42_48_v7.vec -bg bad.dat -numStages 16 -numThreads 12 -w 42 -h 48 -numPos 1200 -numNeg 2955 -mode ALL
PARAMETERS:
cascadeDirName: haar_results_v7
vecFileName: samples_42_48_v7.vec
bgFileName: bad.dat
numPos: 1200
numNeg: 2955
numStages: 16
precalcValBufSize[Mb] : 1024
precalcIdxBufSize[Mb] : 1024
acceptanceRatioBreakValue : -1
stageType: BOOST
featureType: HAAR
sampleWidth: 42
sampleHeight: 48
boostType: GAB
minHitRate: 0.995
maxFalseAlarmRate: 0.5
weightTrimRate: 0.95
maxDepth: 1
maxWeakCount: 100
mode: ALL
Number of unique features given windowSize [42,48] : 3239144

===== TRAINING 0-stage =====
<BEGIN
POS count : consumed   1200 : 1200
NEG count : acceptanceRatio    2955 : 1
Precalculation time: 7.453
+----+---------+---------+
|  N |    HR   |    FA   |
+----+---------+---------+
|   1|        1|        1|
+----+---------+---------+
|   2|        1|        1|
+----+---------+---------+
|   3|        1|        1|
+----+---------+---------+
|   4| 0.999167| 0.690694|
+----+---------+---------+
|   5|   0.9975| 0.418274|
+----+---------+---------+
END>
Training until now has taken 0 days 1 hours 42 minutes 6 seconds.

===== TRAINING 1-stage =====
<BEGIN
OpenCV: terminate handler is called! The last OpenCV error is:
OpenCV(3.4.6) Error: Bad argument (> Can not get new positive sample. The most possible reason is insufficient count of samples in given vec-file.
> ) in CvCascadeImageReader::PosReader::get, file c:\build\3_4_winpack-build-win64-vc15\opencv\apps\traincascade\imagestorage.cpp, line 158