E:\University\10sem\nirs\haar_3_4_6\preparing navigation>opencv_createsamples.exe -info good_1_fixed.dat -vec samples_navigation_m1_v3.vec -num 1274 -w 24 -h 24 -show
Info file name: good_1_fixed.dat
Img file name: (NULL)
Vec file name: samples_navigation_m1_v3.vec
BG  file name: (NULL)
Num: 1274
BG color: 0
BG threshold: 80
Invert: FALSE
Max intensity deviation: 40
Max x angle: 1.1
Max y angle: 1.1
Max z angle: 0.5
Show samples: TRUE
Scale: 4
Width: 24
Height: 24
Max Scale: -1
RNG Seed: 12345
Create training samples from images collection...
Done. Created 1274 samples

E:\University\10sem\nirs\haar_3_4_6\preparing navigation>opencv_traincascade.exe -data haar_navigation_m1_v3 -vec samples_navigation_m1_v3.vec -bg bad_navigation_2.dat -numStages 16 -numThreads 12 -w 24 -h 24 -numPos 1100 -numNeg 4617 -mode ALL
PARAMETERS:
cascadeDirName: haar_navigation_m1_v3
vecFileName: samples_navigation_m1_v3.vec
bgFileName: bad_navigation_2.dat
numPos: 1100
numNeg: 4617
numStages: 16
precalcValBufSize[Mb] : 1024
precalcIdxBufSize[Mb] : 1024
acceptanceRatioBreakValue : -1
stageType: BOOST
featureType: HAAR
sampleWidth: 24
sampleHeight: 24
boostType: GAB
minHitRate: 0.995
maxFalseAlarmRate: 0.5
weightTrimRate: 0.95
maxDepth: 1
maxWeakCount: 100
mode: ALL
Number of unique features given windowSize [24,24] : 261600

===== TRAINING 0-stage =====
<BEGIN
POS count : consumed   1100 : 1100
NEG count : acceptanceRatio    4617 : 1
Precalculation time: 5.817
+----+---------+---------+
|  N |    HR   |    FA   |
+----+---------+---------+
|   1| 0.995455|0.00563136|
+----+---------+---------+
END>
Training until now has taken 0 days 0 hours 1 minutes 44 seconds.

===== TRAINING 1-stage =====
<BEGIN
POS count : consumed   1100 : 1105
NEG count : acceptanceRatio    4617 : 0.00534663
Precalculation time: 5.381
+----+---------+---------+
|  N |    HR   |    FA   |
+----+---------+---------+
|   1|        1|        1|
+----+---------+---------+
|   2|        1|        1|
+----+---------+---------+
|   3|        1|  0.20013|
+----+---------+---------+
END>
Training until now has taken 0 days 0 hours 6 minutes 41 seconds.

===== TRAINING 2-stage =====
<BEGIN
POS count : consumed   1100 : 1105
NEG count : acceptanceRatio    4617 : 0.000955055
Precalculation time: 5.363
+----+---------+---------+
|  N |    HR   |    FA   |
+----+---------+---------+
|   1|        1|        1|
+----+---------+---------+
|   2|        1|        1|
+----+---------+---------+
|   3| 0.996364| 0.221789|
+----+---------+---------+
END>
Training until now has taken 0 days 0 hours 11 minutes 48 seconds.

===== TRAINING 3-stage =====
<BEGIN
POS count : consumed   1100 : 1109
NEG count : acceptanceRatio    4617 : 0.000216546
Precalculation time: 5.55
+----+---------+---------+
|  N |    HR   |    FA   |
+----+---------+---------+
|   1|        1|        1|
+----+---------+---------+
|   2|        1|        1|
+----+---------+---------+
|   3| 0.998182| 0.251895|
+----+---------+---------+
END>
Training until now has taken 0 days 0 hours 17 minutes 51 seconds.

===== TRAINING 4-stage =====
<BEGIN
POS count : consumed   1100 : 1111
NEG count : acceptanceRatio    4617 : 6.54525e-05
Precalculation time: 5.125
+----+---------+---------+
|  N |    HR   |    FA   |
+----+---------+---------+
|   1|        1|        1|
+----+---------+---------+
|   2|        1|        1|
+----+---------+---------+
|   3| 0.998182| 0.465021|
+----+---------+---------+
END>
Training until now has taken 0 days 0 hours 26 minutes 18 seconds.

===== TRAINING 5-stage =====
<BEGIN
POS count : consumed   1100 : 1113
NEG count : acceptanceRatio    4617 : 3.13382e-05
Precalculation time: 5.091
+----+---------+---------+
|  N |    HR   |    FA   |
+----+---------+---------+
|   1|        1|        1|
+----+---------+---------+
|   2|        1|        1|
+----+---------+---------+
|   3|        1| 0.565735|
+----+---------+---------+
|   4|        1| 0.565735|
+----+---------+---------+
|   5|        1| 0.286766|
+----+---------+---------+
END>
Training until now has taken 0 days 0 hours 41 minutes 35 seconds.

===== TRAINING 6-stage =====
<BEGIN
POS count : consumed   1100 : 1113
NEG count : acceptanceRatio    2 : 1.01725e-05
Required leaf false alarm rate achieved. Branch training terminated.