E:\University\10sem\nirs\haar_3_4_6\preparing navigation>opencv_createsamples.exe -info good_1_fixed.dat -vec samples_navigation_m1_v4.vec -num 1274 -w 24 -h 24 -show
Info file name: good_1_fixed.dat
Img file name: (NULL)
Vec file name: samples_navigation_m1_v4.vec
BG  file name: (NULL)
Num: 1274
BG color: 0
BG threshold: 80
Invert: FALSE
Max intensity deviation: 40
Max x angle: 1.1
Max y angle: 1.1
Max z angle: 0.5
Show samples: TRUE
Scale: 4
Width: 24
Height: 24
Max Scale: -1
RNG Seed: 12345
Create training samples from images collection...
Done. Created 1274 samples

E:\University\10sem\nirs\haar_3_4_6\preparing navigation>opencv_traincascade.exe -data haar_navigation_m1_v4 -vec samples_navigation_m1_v4.vec -bg bad_navigation_2.dat -featureType LBP -precalcValBufSize 2048 -precalcIdxBufSize 2048 -numStages 16 -numThreads 12 -w 24 -h 24 -numPos 1100 -numNeg 4617
PARAMETERS:
cascadeDirName: haar_navigation_m1_v4
vecFileName: samples_navigation_m1_v4.vec
bgFileName: bad_navigation_2.dat
numPos: 1100
numNeg: 4617
numStages: 16
precalcValBufSize[Mb] : 2048
precalcIdxBufSize[Mb] : 2048
acceptanceRatioBreakValue : -1
stageType: BOOST
featureType: LBP
sampleWidth: 24
sampleHeight: 24
boostType: GAB
minHitRate: 0.995
maxFalseAlarmRate: 0.5
weightTrimRate: 0.95
maxDepth: 1
maxWeakCount: 100
Number of unique features given windowSize [24,24] : 8464

===== TRAINING 0-stage =====
<BEGIN
POS count : consumed   1100 : 1100
NEG count : acceptanceRatio    4617 : 1
Precalculation time: 0.33
+----+---------+---------+
|  N |    HR   |    FA   |
+----+---------+---------+
|   1|        1|        1|
+----+---------+---------+
|   2| 0.999091|0.0405025|
+----+---------+---------+
END>
Training until now has taken 0 days 0 hours 0 minutes 1 seconds.

===== TRAINING 1-stage =====
<BEGIN
POS count : consumed   1100 : 1101
NEG count : acceptanceRatio    4617 : 0.0460392
Precalculation time: 0.33
+----+---------+---------+
|  N |    HR   |    FA   |
+----+---------+---------+
|   1|        1|        1|
+----+---------+---------+
|   2| 0.999091| 0.115226|
+----+---------+---------+
END>
Training until now has taken 0 days 0 hours 0 minutes 2 seconds.

===== TRAINING 2-stage =====
<BEGIN
POS count : consumed   1100 : 1102
NEG count : acceptanceRatio    4617 : 0.00841589
Precalculation time: 0.336
+----+---------+---------+
|  N |    HR   |    FA   |
+----+---------+---------+
|   1|        1|        1|
+----+---------+---------+
|   2| 0.999091|  0.13407|
+----+---------+---------+
END>
Training until now has taken 0 days 0 hours 0 minutes 4 seconds.

===== TRAINING 3-stage =====
<BEGIN
POS count : consumed   1100 : 1103
NEG count : acceptanceRatio    4617 : 0.000957196
Precalculation time: 0.35
+----+---------+---------+
|  N |    HR   |    FA   |
+----+---------+---------+
|   1|        1|        1|
+----+---------+---------+
|   2|        1|        1|
+----+---------+---------+
|   3| 0.999091| 0.249946|
+----+---------+---------+
END>
Training until now has taken 0 days 0 hours 0 minutes 14 seconds.

===== TRAINING 4-stage =====
<BEGIN
POS count : consumed   1100 : 1104
NEG count : acceptanceRatio    4617 : 0.00029933
Precalculation time: 0.345
+----+---------+---------+
|  N |    HR   |    FA   |
+----+---------+---------+
|   1|        1|        1|
+----+---------+---------+
|   2|        1|        1|
+----+---------+---------+
|   3| 0.997273| 0.268573|
+----+---------+---------+
END>
Training until now has taken 0 days 0 hours 0 minutes 46 seconds.

===== TRAINING 5-stage =====
<BEGIN
POS count : consumed   1100 : 1107
NEG count : acceptanceRatio    4617 : 8.73515e-05
Precalculation time: 0.33
+----+---------+---------+
|  N |    HR   |    FA   |
+----+---------+---------+
|   1|        1|        1|
+----+---------+---------+
|   2|        1|        1|
+----+---------+---------+
|   3|        1| 0.347412|
+----+---------+---------+
END>
Training until now has taken 0 days 0 hours 2 minutes 8 seconds.

===== TRAINING 6-stage =====
<BEGIN
POS count : consumed   1100 : 1107
NEG count : acceptanceRatio    0 : 0
Required leaf false alarm rate achieved. Branch training terminated.