E:\University\10sem\nirs\haar_3_4_6\preparing data>opencv_traincascade.exe -data haar_results_v4 -vec samples_22_24.vec -bg bad.dat -numStages 16 -numThreads 12 -w 22 -h 24 -numPos 200 -numNeg 600 -mode ALL
PARAMETERS:
cascadeDirName: haar_results_v4
vecFileName: samples_22_24.vec
bgFileName: bad.dat
numPos: 200
numNeg: 600
numStages: 16
precalcValBufSize[Mb] : 1024
precalcIdxBufSize[Mb] : 1024
acceptanceRatioBreakValue : -1
stageType: BOOST
featureType: HAAR
sampleWidth: 22
sampleHeight: 24
boostType: GAB
minHitRate: 0.995
maxFalseAlarmRate: 0.5
weightTrimRate: 0.95
maxDepth: 1
maxWeakCount: 100
mode: ALL
Number of unique features given windowSize [22,24] : 219180

===== TRAINING 0-stage =====
<BEGIN
POS count : consumed   200 : 200
NEG count : acceptanceRatio    600 : 1
Precalculation time: 1.054
+----+---------+---------+
|  N |    HR   |    FA   |
+----+---------+---------+
|   1|        1|        1|
+----+---------+---------+
|   2|        1| 0.156667|
+----+---------+---------+
END>
Training until now has taken 0 days 0 hours 0 minutes 3 seconds.

===== TRAINING 1-stage =====
<BEGIN
POS count : consumed   200 : 200
NEG count : acceptanceRatio    600 : 0.213447
Precalculation time: 1.06
+----+---------+---------+
|  N |    HR   |    FA   |
+----+---------+---------+
|   1|        1|        1|
+----+---------+---------+
|   2|        1| 0.271667|
+----+---------+---------+
END>
Training until now has taken 0 days 0 hours 0 minutes 6 seconds.

===== TRAINING 2-stage =====
<BEGIN
POS count : consumed   200 : 200
NEG count : acceptanceRatio    600 : 0.0590609
Precalculation time: 1.053
+----+---------+---------+
|  N |    HR   |    FA   |
+----+---------+---------+
|   1|        1|        1|
+----+---------+---------+
|   2|        1|        1|
+----+---------+---------+
|   3|        1|        1|
+----+---------+---------+
|   4|        1| 0.463333|
+----+---------+---------+
END>
Training until now has taken 0 days 0 hours 0 minutes 11 seconds.

===== TRAINING 3-stage =====
<BEGIN
POS count : consumed   200 : 200
NEG count : acceptanceRatio    600 : 0.0304414
Precalculation time: 1.062
+----+---------+---------+
|  N |    HR   |    FA   |
+----+---------+---------+
|   1|        1|        1|
+----+---------+---------+
|   2|        1|        1|
+----+---------+---------+
|   3|        1| 0.163333|
+----+---------+---------+
END>
Training until now has taken 0 days 0 hours 0 minutes 16 seconds.

===== TRAINING 4-stage =====
<BEGIN
POS count : consumed   200 : 200
NEG count : acceptanceRatio    600 : 0.0101617
Precalculation time: 1.032
+----+---------+---------+
|  N |    HR   |    FA   |
+----+---------+---------+
|   1|        1|        1|
+----+---------+---------+
|   2|        1|        1|
+----+---------+---------+
|   3|        1| 0.358333|
+----+---------+---------+
END>
Training until now has taken 0 days 0 hours 0 minutes 20 seconds.

===== TRAINING 5-stage =====
<BEGIN
POS count : consumed   200 : 200
NEG count : acceptanceRatio    600 : 0.0072547
Precalculation time: 1.051
+----+---------+---------+
|  N |    HR   |    FA   |
+----+---------+---------+
|   1|        1|        1|
+----+---------+---------+
|   2|        1|        1|
+----+---------+---------+
|   3|        1|     0.36|
+----+---------+---------+
END>
Training until now has taken 0 days 0 hours 0 minutes 25 seconds.

===== TRAINING 6-stage =====
<BEGIN
POS count : consumed   200 : 200
NEG count : acceptanceRatio    600 : 0.00203419
Precalculation time: 1.046
+----+---------+---------+
|  N |    HR   |    FA   |
+----+---------+---------+
|   1|        1|        1|
+----+---------+---------+
|   2|        1|        1|
+----+---------+---------+
|   3|        1|     0.42|
+----+---------+---------+
END>
Training until now has taken 0 days 0 hours 0 minutes 30 seconds.

===== TRAINING 7-stage =====
<BEGIN
POS count : consumed   200 : 200
NEG count : acceptanceRatio    600 : 0.00140874
Precalculation time: 1.044
+----+---------+---------+
|  N |    HR   |    FA   |
+----+---------+---------+
|   1|        1|        1|
+----+---------+---------+
|   2|        1|        1|
+----+---------+---------+
|   3|        1| 0.356667|
+----+---------+---------+
END>
Training until now has taken 0 days 0 hours 0 minutes 36 seconds.

===== TRAINING 8-stage =====
<BEGIN
POS count : consumed   200 : 200
NEG count : acceptanceRatio    600 : 0.000556708
Precalculation time: 1.069
+----+---------+---------+
|  N |    HR   |    FA   |
+----+---------+---------+
|   1|        1|        1|
+----+---------+---------+
|   2|        1|        1|
+----+---------+---------+
|   3|        1|    0.585|
+----+---------+---------+
|   4|        1| 0.321667|
+----+---------+---------+
END>
Training until now has taken 0 days 0 hours 0 minutes 45 seconds.

===== TRAINING 9-stage =====
<BEGIN
POS count : consumed   200 : 200
NEG count : acceptanceRatio    600 : 0.000308129
Precalculation time: 1.032
+----+---------+---------+
|  N |    HR   |    FA   |
+----+---------+---------+
|   1|        1|        1|
+----+---------+---------+
|   2|        1| 0.523333|
+----+---------+---------+
|   3|        1| 0.273333|
+----+---------+---------+
END>
Training until now has taken 0 days 0 hours 0 minutes 56 seconds.

===== TRAINING 10-stage =====
<BEGIN
POS count : consumed   200 : 200
NEG count : acceptanceRatio    600 : 9.065e-05
Precalculation time: 1.034
+----+---------+---------+
|  N |    HR   |    FA   |
+----+---------+---------+
|   1|        1|        1|
+----+---------+---------+
|   2|        1|        1|
+----+---------+---------+
|   3|        1| 0.551667|
+----+---------+---------+
|   4|        1| 0.478333|
+----+---------+---------+
END>
Training until now has taken 0 days 0 hours 1 minutes 22 seconds.

===== TRAINING 11-stage =====
<BEGIN
POS count : consumed   200 : 200
NEG count : acceptanceRatio    600 : 4.67282e-05
Precalculation time: 1.038
+----+---------+---------+
|  N |    HR   |    FA   |
+----+---------+---------+
|   1|        1|        1|
+----+---------+---------+
|   2|        1|        1|
+----+---------+---------+
|   3|        1| 0.531667|
+----+---------+---------+
|   4|        1| 0.233333|
+----+---------+---------+
END>
Training until now has taken 0 days 0 hours 2 minutes 6 seconds.

===== TRAINING 12-stage =====
<BEGIN
POS count : consumed   200 : 200
NEG count : acceptanceRatio    0 : 0
Required leaf false alarm rate achieved. Branch training terminated.