E:\University\10sem\nirs\haar_3_4_6\preparing navigation>opencv_createsamples.exe -info good_2_fixed.dat -vec samples_navigation_m2_v1.vec -num 600 -w 24 -h 24 -show
Info file name: good_2_fixed.dat
Img file name: (NULL)
Vec file name: samples_navigation_m2_v1.vec
BG  file name: (NULL)
Num: 600
BG color: 0
BG threshold: 80
Invert: FALSE
Max intensity deviation: 40
Max x angle: 1.1
Max y angle: 1.1
Max z angle: 0.5
Show samples: TRUE
Scale: 4
Width: 24
Height: 24
Max Scale: -1
RNG Seed: 12345
Create training samples from images collection...
Done. Created 600 samples

E:\University\10sem\nirs\haar_3_4_6\preparing navigation>opencv_traincascade.exe -data haar_navigation_m2_v1 -vec samples_navigation_m2_v1.vec -bg bad_navigation.dat -numStages 16 -numThreads 12 -w 24 -h 24 -numPos 500 -numNeg 2955 -mode ALL
PARAMETERS:
cascadeDirName: haar_navigation_m2_v1
vecFileName: samples_navigation_m2_v1.vec
bgFileName: bad_navigation.dat
numPos: 500
numNeg: 2955
numStages: 16
precalcValBufSize[Mb] : 1024
precalcIdxBufSize[Mb] : 1024
acceptanceRatioBreakValue : -1
stageType: BOOST
featureType: HAAR
sampleWidth: 24
sampleHeight: 24
boostType: GAB
minHitRate: 0.995
maxFalseAlarmRate: 0.5
weightTrimRate: 0.95
maxDepth: 1
maxWeakCount: 100
mode: ALL
Number of unique features given windowSize [24,24] : 261600

===== TRAINING 0-stage =====
<BEGIN
POS count : consumed   500 : 500
NEG count : acceptanceRatio    2955 : 1
Precalculation time: 4.578
+----+---------+---------+
|  N |    HR   |    FA   |
+----+---------+---------+
|   1|        1|        0|
+----+---------+---------+
END>
Training until now has taken 0 days 0 hours 0 minutes 44 seconds.

===== TRAINING 1-stage =====
<BEGIN
POS count : consumed   500 : 500
NEG count : acceptanceRatio    2955 : 0.00799158
Precalculation time: 4.575
+----+---------+---------+
|  N |    HR   |    FA   |
+----+---------+---------+
|   1|        1|        1|
+----+---------+---------+
|   2|        1|        1|
+----+---------+---------+
|   3|        1| 0.111337|
+----+---------+---------+
END>
Training until now has taken 0 days 0 hours 2 minutes 50 seconds.

===== TRAINING 2-stage =====
<BEGIN
POS count : consumed   500 : 500
NEG count : acceptanceRatio    2955 : 0.000530011
Precalculation time: 4.496
+----+---------+---------+
|  N |    HR   |    FA   |
+----+---------+---------+
|   1|        1|        1|
+----+---------+---------+
|   2|        1|        1|
+----+---------+---------+
|   3|        1| 0.122843|
+----+---------+---------+
END>
Training until now has taken 0 days 0 hours 5 minutes 12 seconds.

===== TRAINING 3-stage =====
<BEGIN
POS count : consumed   500 : 500
NEG count : acceptanceRatio    2955 : 7.60215e-05
Precalculation time: 4.576
+----+---------+---------+
|  N |    HR   |    FA   |
+----+---------+---------+
|   1|        1|        1|
+----+---------+---------+
|   2|        1|        1|
+----+---------+---------+
|   3|        1|  0.17868|
+----+---------+---------+
END>
Training until now has taken 0 days 0 hours 9 minutes 15 seconds.

===== TRAINING 4-stage =====
<BEGIN
POS count : consumed   500 : 500
NEG count : acceptanceRatio    0 : 0
Required leaf false alarm rate achieved. Branch training terminated.